<?xml version="1.0" encoding="UTF-8"?>
<TestRun id="c23a446b-3477-47df-983e-73fa9c837046" name="bkreeger@NMRDTKRDEV005 2011-03-24 11:30:05" runUser="AD\bkreeger" xmlns="http://microsoft.com/schemas/VisualStudio/TeamTest/2010">
  <TestSettings name="Local" id="a5262722-be94-40d6-806d-2bfd72acddd9">
    <Description>These are default test settings for a local test run.</Description>
    <Deployment enabled="false" runDeploymentRoot="bkreeger_NMRDTKRDEV005 2011-03-24 11_30_05" />
    <Execution>
      <TestTypeSpecific />
      <AgentRule name="Execution Agents">
      </AgentRule>
    </Execution>
  </TestSettings>
  <Times creation="2011-03-24T11:30:05.9404208-05:00" queuing="2011-03-24T11:30:06.4164208-05:00" start="2011-03-24T11:30:06.7264208-05:00" finish="2011-03-24T11:30:11.4774208-05:00" />
  <ResultSummary outcome="Completed">
    <Counters total="1" executed="1" passed="1" error="0" failed="0" timeout="0" aborted="0" inconclusive="0" passedButRunAborted="0" notRunnable="0" notExecuted="0" disconnected="0" warning="0" completed="0" inProgress="0" pending="0" />
  </ResultSummary>
  <TestDefinitions>
    <UnitTest name="FindUserTest" storage="c:\users\bkreeger\development\dotnet\rdiosharp\rdiosharp.test\bin\debug\rdiosharp.test.dll" id="d274ceef-230a-a052-9df6-e01935520a21">
      <Execution timeOut="1800000" id="dd8780e5-e0cd-4e2e-9de9-408b52952c34" />
      <TestMethod codeBase="C:/Users/bkreeger/Development/dotNET/RdioSharp/RdioSharp.Test/bin/Debug/RdioSharp.Test.DLL" adapterTypeName="Microsoft.VisualStudio.TestTools.TestTypes.Unit.UnitTestAdapter, Microsoft.VisualStudio.QualityTools.Tips.UnitTest.Adapter, Version=10.0.0.0, Culture=neutral, PublicKeyToken=b03f5f7f11d50a3a" className="RdioSharp.Test.RdioSharpTest, RdioSharp.Test, Version=1.0.0.0, Culture=neutral, PublicKeyToken=null" name="FindUserTest" />
    </UnitTest>
  </TestDefinitions>
  <TestLists>
    <TestList name="Results Not in a List" id="8c84fa94-04c1-424b-9868-57a2d4851a1d" />
    <TestList name="All Loaded Results" id="19431567-8539-422a-85d7-44ee4e166bda" />
  </TestLists>
  <TestEntries>
    <TestEntry testId="d274ceef-230a-a052-9df6-e01935520a21" executionId="dd8780e5-e0cd-4e2e-9de9-408b52952c34" testListId="8c84fa94-04c1-424b-9868-57a2d4851a1d" />
  </TestEntries>
  <Results>
    <UnitTestResult executionId="dd8780e5-e0cd-4e2e-9de9-408b52952c34" testId="d274ceef-230a-a052-9df6-e01935520a21" testName="FindUserTest" computerName="NMRDTKRDEV005" duration="00:00:04.5288223" startTime="2011-03-24T11:30:06.7974208-05:00" endTime="2011-03-24T11:30:11.4024208-05:00" testType="13cdc9d9-ddb5-4fa4-a97d-d965ccfc6d4b" outcome="Passed" testListId="8c84fa94-04c1-424b-9868-57a2d4851a1d" relativeResultsDirectory="dd8780e5-e0cd-4e2e-9de9-408b52952c34">
      <Output>
        <StdOut>{"status": "ok", "result": {"firstName": "Brad", "baseIcon": "user/6/9/c/0000000000009c96/square-100.jpg", "gender": "m", "url": "/people/BradWalters/", "key": "s40086", "lastName": "Walters", "libraryVersion": 3234, "type": "s", "icon": "http://media.rd.io/user/6/9/c/0000000000009c96/square-100.jpg"}}</StdOut>
      </Output>
    </UnitTestResult>
  </Results>
</TestRun>